------ Build started: Project: my_first_web_browser, Configuration: Debug Any CPU ------
c:\WINDOWS\Microsoft.NET\Framework\v3.5\Vbc.exe /noconfig /imports:Microsoft.VisualBasic,System,System.Collections,System.Collections.Generic,System.Data,System.Drawing,System.Diagnostics,System.Windows.Forms,System.Linq,System.Xml.Linq /optioncompare:Binary /optionexplicit+ /optionstrict:custom /nowarn:42016,41999,42017,42018,42019,42032,42036,42020,42021,42022 /optioninfer+ /rootnamespace:my_first_web_browser /doc:obj\Debug\my_first_web_browser.xml /define:"CONFIG=\"Debug\",DEBUG=-1,TRACE=-1,_MyType=\"WindowsForms\",PLATFORM=\"AnyCPU\"" /reference:"c:\Program Files\Reference Assemblies\Microsoft\Framework\v3.5\System.Core.dll","c:\Program Files\Reference Assemblies\Microsoft\Framework\v3.5\System.Data.DataSetExtensions.dll",c:\WINDOWS\Microsoft.NET\Framework\v2.0.50727\System.Data.dll,c:\WINDOWS\Microsoft.NET\Framework\v2.0.50727\System.Deployment.dll,c:\WINDOWS\Microsoft.NET\Framework\v2.0.50727\System.dll,c:\WINDOWS\Microsoft.NET\Framework\v2.0.50727\System.Drawing.dll,c:\WINDOWS\Microsoft.NET\Framework\v2.0.50727\System.Windows.Forms.dll,c:\WINDOWS\Microsoft.NET\Framework\v2.0.50727\System.Xml.dll,"c:\Program Files\Reference Assemblies\Microsoft\Framework\v3.5\System.Xml.Linq.dll" /main:my_first_web_browser.My.MyApplication /debug+ /debug:full /filealign:512 /out:obj\Debug\my_first_web_browser.exe /resource:obj\Debug\my_first_web_browser.Frm1.resources /resource:obj\Debug\my_first_web_browser.Resources.resources /target:winexe Frm1.vb Frm1.Designer.vb "My Project\AssemblyInfo.vb" "My Project\Application.Designer.vb" "My Project\Resources.Designer.vb" "My Project\Settings.Designer.vb"
Z:\ict_fd1_2010 web development\my_first_web_browser\my_first_web_browser\Frm1.vb(16) : error BC30516: Overload resolution failed because no accessible 'Navigate' accepts this number of arguments.
Z:\ict_fd1_2010 web development\my_first_web_browser\my_first_web_browser\Frm1.vb(41) : error BC30451: Name 'tbSearch' is not declared.
Z:\ict_fd1_2010 web development\my_first_web_browser\my_first_web_browser\Frm1.vb(46) : error BC30451: Name 'tbSearch' is not declared.
Z:\ict_fd1_2010 web development\my_first_web_browser\my_first_web_browser\Frm1.vb(51) : error BC30451: Name 'tbSearch' is not declared.
========== Build: 0 succeeded, 1 failed, 0 up-to-date, 0 skipped ==========
